Arguments: 
  /usr/local/bin/node /usr/local/bin/yarn install

PATH: 
  /Library/Frameworks/Python.framework/Versions/2.7/bin:/usr/local/bin:/usr/bin:/bin:/usr/sbin:/sbin:/Library/Java/JavaVirtualMachines/jdk1.8.0_77.jdk/Contents/Home/bin :/Library/Frameworks/Python.framework/Versions/2.7/bin:Library/Tomcat7/bin:/usr/local/mysql/bin:/usr/local/mongodb/bin:/Users/wins/.rvm/bin:Library/Tomcat7/bin:/usr/local/mysql/bin:/usr/local/mongodb/bin:/Users/wins/.rvm/bin

Yarn version: 
  1.3.2

Node version: 
  9.1.0

Platform: 
  darwin x64

npm manifest: 
  {
    "private": true,
    "scripts": {
      "start": "roadhog server",
      "build": "roadhog build",
      "lint": "eslint --ext .js src test",
      "precommit": "npm run lint"
    },
    "dependencies": {
      "antd": "^3.1.6",
      "babel-plugin-import": "^1.6.3",
      "dva": "^2.1.0",
      "react": "^16.2.0",
      "react-dom": "^16.2.0"
    },
    "devDependencies": {
      "babel-plugin-dva-hmr": "^0.3.2",
      "eslint": "^4.14.0",
      "eslint-config-umi": "^0.1.1",
      "eslint-plugin-flowtype": "^2.34.1",
      "eslint-plugin-import": "^2.6.0",
      "eslint-plugin-jsx-a11y": "^5.1.1",
      "eslint-plugin-react": "^7.1.0",
      "husky": "^0.12.0",
      "redbox-react": "^1.4.3",
      "roadhog": "^2.0.0"
    }
  }

yarn manifest: 
  No manifest

Lockfile: 
  No lockfile

Trace: 
  Error: ENOENT: no such file or directory, copyfile '/Users/wins/Library/Caches/Yarn/v1/npm-define-property-2.0.2-d459689e8d654ba77e02a817f8710d702cb16e9d/index.js' -> '/Users/wins/Desktop/dva-koas/node_modules/awesome-typescript-loader/node_modules/define-property/index.js'
